<?xml version="1.0" encoding="UTF-8"?>
<!-- Generated by org.testng.reporters.JUnitReportReporter -->
<testsuite hostname="john-PC" name="TestRunner.Runner" tests="1" failures="0" timestamp="28 Sep 2019 05:52:27 GMT" time="0.406" errors="0">
  <testcase name="feature" time="0.406" classname="TestRunner.Runner"/>
</testsuite> <!-- TestRunner.Runner -->
